2025-04-21 16:13:31,242 - INFO - AT+CSQ
+CSQ: 26,99
OK
RSSI: 26 dBm, BER(number of erroneous bits): 99 bit error
2025-04-21 16:13:50,487 - INFO - AT+GMR
BG95M3LAR02A03
OK
2025-04-21 16:14:00,697 - DEBUG - #AT+COPS=4,2,"310410",8, Line #1
2025-04-21 16:14:03,201 - DEBUG - AT+CMEE=2, Line #2
2025-04-21 16:14:03,728 - INFO - AT+CMEE=2
OK
2025-04-21 16:14:03,730 - INFO - Done!
2025-04-21 16:14:06,106 - DEBUG - AT+QCCID, Line #3
2025-04-21 16:14:06,762 - INFO - AT+QCCID
+QCCID: 8942310023000001653F
OK
2025-04-21 16:14:06,767 - INFO - Done!
2025-04-21 16:14:09,186 - DEBUG - AT+CFUN=0, Line #4
2025-04-21 16:14:09,794 - INFO - AT+CFUN=0
OK
+QIURC: "pdpdeact",1
2025-04-21 16:14:09,801 - INFO - Done!
2025-04-21 16:14:15,865 - INFO - AT+QPOWD=1
OK
2025-04-21 16:14:15,872 - INFO - Done!
2025-04-21 16:14:16,894 - INFO - POWERED DOWN
